{"C:\\Users\\brend\\python401\\data_structures\\js\\binheap_js.js": {"path":"C:\\Users\\brend\\python401\\data_structures\\js\\binheap_js.js","statementMap":{"0":{"start":{"line":6,"column":8},"end":{"line":6,"column":27}},"1":{"start":{"line":7,"column":8},"end":{"line":7,"column":27}},"2":{"start":{"line":8,"column":8},"end":{"line":12,"column":9}},"3":{"start":{"line":9,"column":12},"end":{"line":11,"column":13}},"4":{"start":{"line":10,"column":16},"end":{"line":10,"column":43}},"5":{"start":{"line":16,"column":8},"end":{"line":16,"column":47}},"6":{"start":{"line":20,"column":8},"end":{"line":20,"column":31}},"7":{"start":{"line":21,"column":8},"end":{"line":21,"column":28}},"8":{"start":{"line":22,"column":8},"end":{"line":22,"column":37}},"9":{"start":{"line":26,"column":20},"end":{"line":26,"column":35}},"10":{"start":{"line":27,"column":8},"end":{"line":35,"column":9}},"11":{"start":{"line":28,"column":12},"end":{"line":33,"column":13}},"12":{"start":{"line":29,"column":27},"end":{"line":29,"column":63}},"13":{"start":{"line":30,"column":16},"end":{"line":30,"column":75}},"14":{"start":{"line":31,"column":16},"end":{"line":31,"column":43}},"15":{"start":{"line":32,"column":16},"end":{"line":32,"column":45}},"16":{"start":{"line":34,"column":12},"end":{"line":34,"column":23}},"17":{"start":{"line":39,"column":20},"end":{"line":39,"column":21}},"18":{"start":{"line":40,"column":8},"end":{"line":57,"column":9}},"19":{"start":{"line":41,"column":28},"end":{"line":41,"column":37}},"20":{"start":{"line":42,"column":12},"end":{"line":50,"column":13}},"21":{"start":{"line":43,"column":16},"end":{"line":47,"column":17}},"22":{"start":{"line":44,"column":20},"end":{"line":44,"column":47}},"23":{"start":{"line":46,"column":20},"end":{"line":46,"column":41}},"24":{"start":{"line":49,"column":16},"end":{"line":49,"column":37}},"25":{"start":{"line":51,"column":25},"end":{"line":51,"column":45}},"26":{"start":{"line":52,"column":12},"end":{"line":55,"column":13}},"27":{"start":{"line":53,"column":16},"end":{"line":53,"column":63}},"28":{"start":{"line":54,"column":16},"end":{"line":54,"column":49}},"29":{"start":{"line":56,"column":12},"end":{"line":56,"column":29}},"30":{"start":{"line":61,"column":8},"end":{"line":63,"column":9}},"31":{"start":{"line":62,"column":12},"end":{"line":62,"column":45}},"32":{"start":{"line":64,"column":24},"end":{"line":64,"column":40}},"33":{"start":{"line":65,"column":8},"end":{"line":65,"column":65}},"34":{"start":{"line":66,"column":8},"end":{"line":66,"column":50}},"35":{"start":{"line":67,"column":8},"end":{"line":67,"column":29}},"36":{"start":{"line":68,"column":8},"end":{"line":68,"column":24}},"37":{"start":{"line":69,"column":8},"end":{"line":69,"column":24}},"38":{"start":{"line":73,"column":0},"end":{"line":73,"column":26}}},"fnMap":{"0":{"name":"(anonymous_0)","decl":{"start":{"line":5,"column":3},"end":{"line":5,"column":4}},"loc":{"start":{"line":5,"column":28},"end":{"line":13,"column":5}},"line":5},"1":{"name":"(anonymous_1)","decl":{"start":{"line":15,"column":4},"end":{"line":15,"column":5}},"loc":{"start":{"line":15,"column":14},"end":{"line":17,"column":5}},"line":15},"2":{"name":"(anonymous_2)","decl":{"start":{"line":19,"column":4},"end":{"line":19,"column":5}},"loc":{"start":{"line":19,"column":19},"end":{"line":23,"column":5}},"line":19},"3":{"name":"(anonymous_3)","decl":{"start":{"line":25,"column":4},"end":{"line":25,"column":5}},"loc":{"start":{"line":25,"column":19},"end":{"line":36,"column":5}},"line":25},"4":{"name":"(anonymous_4)","decl":{"start":{"line":38,"column":4},"end":{"line":38,"column":5}},"loc":{"start":{"line":38,"column":16},"end":{"line":58,"column":5}},"line":38},"5":{"name":"(anonymous_5)","decl":{"start":{"line":60,"column":4},"end":{"line":60,"column":5}},"loc":{"start":{"line":60,"column":10},"end":{"line":70,"column":5}},"line":60}},"branchMap":{"0":{"loc":{"start":{"line":5,"column":15},"end":{"line":5,"column":26}},"type":"default-arg","locations":[{"start":{"line":5,"column":24},"end":{"line":5,"column":26}}],"line":5},"1":{"loc":{"start":{"line":8,"column":8},"end":{"line":12,"column":9}},"type":"if","locations":[{"start":{"line":8,"column":8},"end":{"line":12,"column":9}},{"start":{"line":8,"column":8},"end":{"line":12,"column":9}}],"line":8},"2":{"loc":{"start":{"line":28,"column":12},"end":{"line":33,"column":13}},"type":"if","locations":[{"start":{"line":28,"column":12},"end":{"line":33,"column":13}},{"start":{"line":28,"column":12},"end":{"line":33,"column":13}}],"line":28},"3":{"loc":{"start":{"line":42,"column":12},"end":{"line":50,"column":13}},"type":"if","locations":[{"start":{"line":42,"column":12},"end":{"line":50,"column":13}},{"start":{"line":42,"column":12},"end":{"line":50,"column":13}}],"line":42},"4":{"loc":{"start":{"line":43,"column":16},"end":{"line":47,"column":17}},"type":"if","locations":[{"start":{"line":43,"column":16},"end":{"line":47,"column":17}},{"start":{"line":43,"column":16},"end":{"line":47,"column":17}}],"line":43},"5":{"loc":{"start":{"line":52,"column":12},"end":{"line":55,"column":13}},"type":"if","locations":[{"start":{"line":52,"column":12},"end":{"line":55,"column":13}},{"start":{"line":52,"column":12},"end":{"line":55,"column":13}}],"line":52},"6":{"loc":{"start":{"line":61,"column":8},"end":{"line":63,"column":9}},"type":"if","locations":[{"start":{"line":61,"column":8},"end":{"line":63,"column":9}},{"start":{"line":61,"column":8},"end":{"line":63,"column":9}}],"line":61}},"s":{"0":12,"1":12,"2":12,"3":10,"4":54,"5":0,"6":64,"7":64,"8":64,"9":64,"10":64,"11":251,"12":37,"13":37,"14":37,"15":37,"16":251,"17":26,"18":26,"19":35,"20":35,"21":26,"22":10,"23":16,"24":9,"25":35,"26":35,"27":28,"28":28,"29":35,"30":26,"31":0,"32":26,"33":26,"34":26,"35":26,"36":26,"37":26,"38":1},"f":{"0":12,"1":0,"2":64,"3":64,"4":26,"5":26},"b":{"0":[2],"1":[10,2],"2":[37,214],"3":[26,9],"4":[10,16],"5":[28,7],"6":[0,26]},"_coverageSchema":"332fd63041d2c1bcb487cc26dd0d5f7d97098a6c","hash":"80e9f00f10c22b858add006d4a692550b8b0a255"}
,"C:\\Users\\brend\\python401\\data_structures\\js\\deque_js.js": {"path":"C:\\Users\\brend\\python401\\data_structures\\js\\deque_js.js","statementMap":{"0":{"start":{"line":6,"column":8},"end":{"line":6,"column":24}},"1":{"start":{"line":7,"column":8},"end":{"line":7,"column":24}},"2":{"start":{"line":8,"column":8},"end":{"line":8,"column":32}},"3":{"start":{"line":13,"column":8},"end":{"line":13,"column":24}},"4":{"start":{"line":14,"column":8},"end":{"line":14,"column":24}},"5":{"start":{"line":15,"column":8},"end":{"line":15,"column":25}},"6":{"start":{"line":19,"column":8},"end":{"line":19,"column":28}},"7":{"start":{"line":23,"column":23},"end":{"line":23,"column":47}},"8":{"start":{"line":24,"column":8},"end":{"line":31,"column":9}},"9":{"start":{"line":25,"column":12},"end":{"line":25,"column":32}},"10":{"start":{"line":26,"column":12},"end":{"line":26,"column":32}},"11":{"start":{"line":29,"column":12},"end":{"line":29,"column":41}},"12":{"start":{"line":30,"column":12},"end":{"line":30,"column":32}},"13":{"start":{"line":32,"column":8},"end":{"line":32,"column":26}},"14":{"start":{"line":36,"column":23},"end":{"line":36,"column":53}},"15":{"start":{"line":37,"column":8},"end":{"line":44,"column":9}},"16":{"start":{"line":38,"column":12},"end":{"line":38,"column":32}},"17":{"start":{"line":39,"column":12},"end":{"line":39,"column":32}},"18":{"start":{"line":42,"column":12},"end":{"line":42,"column":37}},"19":{"start":{"line":43,"column":12},"end":{"line":43,"column":32}},"20":{"start":{"line":45,"column":8},"end":{"line":45,"column":26}},"21":{"start":{"line":49,"column":8},"end":{"line":65,"column":9}},"22":{"start":{"line":50,"column":12},"end":{"line":50,"column":39}},"23":{"start":{"line":52,"column":13},"end":{"line":65,"column":9}},"24":{"start":{"line":53,"column":12},"end":{"line":53,"column":31}},"25":{"start":{"line":54,"column":25},"end":{"line":54,"column":39}},"26":{"start":{"line":55,"column":12},"end":{"line":55,"column":28}},"27":{"start":{"line":56,"column":12},"end":{"line":56,"column":28}},"28":{"start":{"line":57,"column":12},"end":{"line":57,"column":25}},"29":{"start":{"line":60,"column":12},"end":{"line":60,"column":31}},"30":{"start":{"line":61,"column":23},"end":{"line":61,"column":37}},"31":{"start":{"line":62,"column":12},"end":{"line":62,"column":42}},"32":{"start":{"line":63,"column":12},"end":{"line":63,"column":38}},"33":{"start":{"line":64,"column":12},"end":{"line":64,"column":23}},"34":{"start":{"line":69,"column":8},"end":{"line":85,"column":9}},"35":{"start":{"line":70,"column":12},"end":{"line":70,"column":39}},"36":{"start":{"line":72,"column":13},"end":{"line":85,"column":9}},"37":{"start":{"line":73,"column":12},"end":{"line":73,"column":31}},"38":{"start":{"line":74,"column":25},"end":{"line":74,"column":39}},"39":{"start":{"line":75,"column":12},"end":{"line":75,"column":28}},"40":{"start":{"line":76,"column":12},"end":{"line":76,"column":28}},"41":{"start":{"line":77,"column":12},"end":{"line":77,"column":25}},"42":{"start":{"line":80,"column":12},"end":{"line":80,"column":31}},"43":{"start":{"line":81,"column":23},"end":{"line":81,"column":37}},"44":{"start":{"line":82,"column":12},"end":{"line":82,"column":42}},"45":{"start":{"line":83,"column":12},"end":{"line":83,"column":42}},"46":{"start":{"line":84,"column":12},"end":{"line":84,"column":23}},"47":{"start":{"line":90,"column":8},"end":{"line":95,"column":9}},"48":{"start":{"line":91,"column":12},"end":{"line":91,"column":39}},"49":{"start":{"line":94,"column":12},"end":{"line":94,"column":33}},"50":{"start":{"line":99,"column":8},"end":{"line":104,"column":9}},"51":{"start":{"line":100,"column":12},"end":{"line":100,"column":39}},"52":{"start":{"line":103,"column":12},"end":{"line":103,"column":33}},"53":{"start":{"line":109,"column":0},"end":{"line":109,"column":30}}},"fnMap":{"0":{"name":"(anonymous_0)","decl":{"start":{"line":5,"column":4},"end":{"line":5,"column":5}},"loc":{"start":{"line":5,"column":48},"end":{"line":9,"column":5}},"line":5},"1":{"name":"(anonymous_1)","decl":{"start":{"line":12,"column":4},"end":{"line":12,"column":5}},"loc":{"start":{"line":12,"column":18},"end":{"line":16,"column":5}},"line":12},"2":{"name":"(anonymous_2)","decl":{"start":{"line":18,"column":4},"end":{"line":18,"column":5}},"loc":{"start":{"line":18,"column":11},"end":{"line":20,"column":5}},"line":18},"3":{"name":"(anonymous_3)","decl":{"start":{"line":22,"column":4},"end":{"line":22,"column":5}},"loc":{"start":{"line":22,"column":21},"end":{"line":33,"column":5}},"line":22},"4":{"name":"(anonymous_4)","decl":{"start":{"line":35,"column":4},"end":{"line":35,"column":5}},"loc":{"start":{"line":35,"column":21},"end":{"line":46,"column":5}},"line":35},"5":{"name":"(anonymous_5)","decl":{"start":{"line":48,"column":4},"end":{"line":48,"column":5}},"loc":{"start":{"line":48,"column":15},"end":{"line":66,"column":5}},"line":48},"6":{"name":"(anonymous_6)","decl":{"start":{"line":68,"column":4},"end":{"line":68,"column":5}},"loc":{"start":{"line":68,"column":15},"end":{"line":87,"column":5}},"line":68},"7":{"name":"(anonymous_7)","decl":{"start":{"line":89,"column":4},"end":{"line":89,"column":5}},"loc":{"start":{"line":89,"column":16},"end":{"line":96,"column":5}},"line":89},"8":{"name":"(anonymous_8)","decl":{"start":{"line":98,"column":4},"end":{"line":98,"column":5}},"loc":{"start":{"line":98,"column":16},"end":{"line":105,"column":5}},"line":98}},"branchMap":{"0":{"loc":{"start":{"line":5,"column":22},"end":{"line":5,"column":31}},"type":"default-arg","locations":[{"start":{"line":5,"column":27},"end":{"line":5,"column":31}}],"line":5},"1":{"loc":{"start":{"line":5,"column":33},"end":{"line":5,"column":46}},"type":"default-arg","locations":[{"start":{"line":5,"column":42},"end":{"line":5,"column":46}}],"line":5},"2":{"loc":{"start":{"line":24,"column":8},"end":{"line":31,"column":9}},"type":"if","locations":[{"start":{"line":24,"column":8},"end":{"line":31,"column":9}},{"start":{"line":24,"column":8},"end":{"line":31,"column":9}}],"line":24},"3":{"loc":{"start":{"line":37,"column":8},"end":{"line":44,"column":9}},"type":"if","locations":[{"start":{"line":37,"column":8},"end":{"line":44,"column":9}},{"start":{"line":37,"column":8},"end":{"line":44,"column":9}}],"line":37},"4":{"loc":{"start":{"line":49,"column":8},"end":{"line":65,"column":9}},"type":"if","locations":[{"start":{"line":49,"column":8},"end":{"line":65,"column":9}},{"start":{"line":49,"column":8},"end":{"line":65,"column":9}}],"line":49},"5":{"loc":{"start":{"line":52,"column":13},"end":{"line":65,"column":9}},"type":"if","locations":[{"start":{"line":52,"column":13},"end":{"line":65,"column":9}},{"start":{"line":52,"column":13},"end":{"line":65,"column":9}}],"line":52},"6":{"loc":{"start":{"line":69,"column":8},"end":{"line":85,"column":9}},"type":"if","locations":[{"start":{"line":69,"column":8},"end":{"line":85,"column":9}},{"start":{"line":69,"column":8},"end":{"line":85,"column":9}}],"line":69},"7":{"loc":{"start":{"line":72,"column":13},"end":{"line":85,"column":9}},"type":"if","locations":[{"start":{"line":72,"column":13},"end":{"line":85,"column":9}},{"start":{"line":72,"column":13},"end":{"line":85,"column":9}}],"line":72},"8":{"loc":{"start":{"line":90,"column":8},"end":{"line":95,"column":9}},"type":"if","locations":[{"start":{"line":90,"column":8},"end":{"line":95,"column":9}},{"start":{"line":90,"column":8},"end":{"line":95,"column":9}}],"line":90},"9":{"loc":{"start":{"line":99,"column":8},"end":{"line":104,"column":9}},"type":"if","locations":[{"start":{"line":99,"column":8},"end":{"line":104,"column":9}},{"start":{"line":99,"column":8},"end":{"line":104,"column":9}}],"line":99}},"s":{"0":17,"1":17,"2":17,"3":10,"4":10,"5":10,"6":2,"7":8,"8":8,"9":5,"10":5,"11":3,"12":3,"13":8,"14":8,"15":8,"16":4,"17":4,"18":4,"19":4,"20":8,"21":2,"22":0,"23":2,"24":1,"25":1,"26":1,"27":1,"28":1,"29":1,"30":1,"31":1,"32":1,"33":1,"34":2,"35":0,"36":2,"37":1,"38":1,"39":1,"40":1,"41":1,"42":1,"43":1,"44":1,"45":1,"46":1,"47":1,"48":0,"49":1,"50":1,"51":0,"52":1,"53":1},"f":{"0":17,"1":10,"2":2,"3":8,"4":8,"5":2,"6":2,"7":1,"8":1},"b":{"0":[1],"1":[9],"2":[5,3],"3":[4,4],"4":[0,2],"5":[1,1],"6":[0,2],"7":[1,1],"8":[0,1],"9":[0,1]},"_coverageSchema":"332fd63041d2c1bcb487cc26dd0d5f7d97098a6c","hash":"d803791d09bb2b7ea52faa33d03760233a32c1e8"}
,"C:\\Users\\brend\\python401\\data_structures\\js\\que_js.js": {"path":"C:\\Users\\brend\\python401\\data_structures\\js\\que_js.js","statementMap":{"0":{"start":{"line":6,"column":8},"end":{"line":6,"column":24}},"1":{"start":{"line":7,"column":8},"end":{"line":7,"column":32}},"2":{"start":{"line":8,"column":8},"end":{"line":8,"column":24}},"3":{"start":{"line":14,"column":8},"end":{"line":14,"column":24}},"4":{"start":{"line":15,"column":8},"end":{"line":15,"column":24}},"5":{"start":{"line":16,"column":8},"end":{"line":16,"column":25}},"6":{"start":{"line":20,"column":8},"end":{"line":20,"column":28}},"7":{"start":{"line":24,"column":23},"end":{"line":24,"column":47}},"8":{"start":{"line":25,"column":8},"end":{"line":32,"column":9}},"9":{"start":{"line":26,"column":12},"end":{"line":26,"column":32}},"10":{"start":{"line":27,"column":12},"end":{"line":27,"column":32}},"11":{"start":{"line":30,"column":12},"end":{"line":30,"column":37}},"12":{"start":{"line":31,"column":12},"end":{"line":31,"column":32}},"13":{"start":{"line":33,"column":8},"end":{"line":33,"column":26}},"14":{"start":{"line":37,"column":8},"end":{"line":39,"column":9}},"15":{"start":{"line":38,"column":12},"end":{"line":38,"column":39}},"16":{"start":{"line":40,"column":8},"end":{"line":40,"column":27}},"17":{"start":{"line":41,"column":21},"end":{"line":41,"column":35}},"18":{"start":{"line":42,"column":8},"end":{"line":49,"column":9}},"19":{"start":{"line":43,"column":12},"end":{"line":43,"column":42}},"20":{"start":{"line":44,"column":12},"end":{"line":44,"column":38}},"21":{"start":{"line":47,"column":12},"end":{"line":47,"column":28}},"22":{"start":{"line":48,"column":12},"end":{"line":48,"column":28}},"23":{"start":{"line":50,"column":8},"end":{"line":50,"column":21}},"24":{"start":{"line":54,"column":8},"end":{"line":54,"column":29}},"25":{"start":{"line":60,"column":0},"end":{"line":60,"column":30}}},"fnMap":{"0":{"name":"(anonymous_0)","decl":{"start":{"line":5,"column":4},"end":{"line":5,"column":5}},"loc":{"start":{"line":5,"column":32},"end":{"line":9,"column":5}},"line":5},"1":{"name":"(anonymous_1)","decl":{"start":{"line":13,"column":4},"end":{"line":13,"column":5}},"loc":{"start":{"line":13,"column":18},"end":{"line":17,"column":5}},"line":13},"2":{"name":"(anonymous_2)","decl":{"start":{"line":19,"column":4},"end":{"line":19,"column":5}},"loc":{"start":{"line":19,"column":11},"end":{"line":21,"column":5}},"line":19},"3":{"name":"(anonymous_3)","decl":{"start":{"line":23,"column":4},"end":{"line":23,"column":5}},"loc":{"start":{"line":23,"column":17},"end":{"line":34,"column":5}},"line":23},"4":{"name":"(anonymous_4)","decl":{"start":{"line":36,"column":4},"end":{"line":36,"column":5}},"loc":{"start":{"line":36,"column":14},"end":{"line":51,"column":5}},"line":36},"5":{"name":"(anonymous_5)","decl":{"start":{"line":53,"column":4},"end":{"line":53,"column":5}},"loc":{"start":{"line":53,"column":11},"end":{"line":55,"column":5}},"line":53}},"branchMap":{"0":{"loc":{"start":{"line":25,"column":8},"end":{"line":32,"column":9}},"type":"if","locations":[{"start":{"line":25,"column":8},"end":{"line":32,"column":9}},{"start":{"line":25,"column":8},"end":{"line":32,"column":9}}],"line":25},"1":{"loc":{"start":{"line":37,"column":8},"end":{"line":39,"column":9}},"type":"if","locations":[{"start":{"line":37,"column":8},"end":{"line":39,"column":9}},{"start":{"line":37,"column":8},"end":{"line":39,"column":9}}],"line":37},"2":{"loc":{"start":{"line":42,"column":8},"end":{"line":49,"column":9}},"type":"if","locations":[{"start":{"line":42,"column":8},"end":{"line":49,"column":9}},{"start":{"line":42,"column":8},"end":{"line":49,"column":9}}],"line":42}},"s":{"0":13,"1":13,"2":13,"3":8,"4":8,"5":8,"6":0,"7":12,"8":12,"9":7,"10":7,"11":5,"12":5,"13":12,"14":3,"15":0,"16":3,"17":3,"18":3,"19":2,"20":2,"21":1,"22":1,"23":3,"24":1,"25":1},"f":{"0":13,"1":8,"2":0,"3":12,"4":3,"5":1},"b":{"0":[7,5],"1":[0,3],"2":[2,1]},"_coverageSchema":"332fd63041d2c1bcb487cc26dd0d5f7d97098a6c","hash":"f2818f81d3f8072e11af5feaf5b8f3cd0bc3811c"}
,"C:\\Users\\brend\\python401\\data_structures\\js\\stack_js.js": {"path":"C:\\Users\\brend\\python401\\data_structures\\js\\stack_js.js","statementMap":{"0":{"start":{"line":6,"column":8},"end":{"line":6,"column":24}},"1":{"start":{"line":7,"column":8},"end":{"line":7,"column":24}},"2":{"start":{"line":13,"column":8},"end":{"line":13,"column":24}},"3":{"start":{"line":14,"column":8},"end":{"line":14,"column":25}},"4":{"start":{"line":18,"column":8},"end":{"line":18,"column":44}},"5":{"start":{"line":19,"column":8},"end":{"line":19,"column":26}},"6":{"start":{"line":23,"column":8},"end":{"line":25,"column":9}},"7":{"start":{"line":24,"column":12},"end":{"line":24,"column":39}},"8":{"start":{"line":26,"column":21},"end":{"line":26,"column":35}},"9":{"start":{"line":27,"column":8},"end":{"line":27,"column":34}},"10":{"start":{"line":28,"column":8},"end":{"line":28,"column":27}},"11":{"start":{"line":29,"column":8},"end":{"line":29,"column":21}},"12":{"start":{"line":33,"column":0},"end":{"line":33,"column":30}}},"fnMap":{"0":{"name":"(anonymous_0)","decl":{"start":{"line":5,"column":4},"end":{"line":5,"column":5}},"loc":{"start":{"line":5,"column":33},"end":{"line":8,"column":5}},"line":5},"1":{"name":"(anonymous_1)","decl":{"start":{"line":12,"column":4},"end":{"line":12,"column":5}},"loc":{"start":{"line":12,"column":18},"end":{"line":15,"column":5}},"line":12},"2":{"name":"(anonymous_2)","decl":{"start":{"line":17,"column":4},"end":{"line":17,"column":5}},"loc":{"start":{"line":17,"column":14},"end":{"line":20,"column":5}},"line":17},"3":{"name":"(anonymous_3)","decl":{"start":{"line":22,"column":4},"end":{"line":22,"column":5}},"loc":{"start":{"line":22,"column":10},"end":{"line":30,"column":5}},"line":22}},"branchMap":{"0":{"loc":{"start":{"line":5,"column":22},"end":{"line":5,"column":31}},"type":"default-arg","locations":[{"start":{"line":5,"column":27},"end":{"line":5,"column":31}}],"line":5},"1":{"loc":{"start":{"line":23,"column":8},"end":{"line":25,"column":9}},"type":"if","locations":[{"start":{"line":23,"column":8},"end":{"line":25,"column":9}},{"start":{"line":23,"column":8},"end":{"line":25,"column":9}}],"line":23}},"s":{"0":12,"1":12,"2":7,"3":7,"4":10,"5":10,"6":4,"7":0,"8":4,"9":4,"10":4,"11":4,"12":1},"f":{"0":12,"1":7,"2":10,"3":4},"b":{"0":[2],"1":[0,4]},"_coverageSchema":"332fd63041d2c1bcb487cc26dd0d5f7d97098a6c","hash":"a67f2305f3b36d0d6270fa5a113c6e04f579cf72"}
,"C:\\Users\\brend\\python401\\data_structures\\js\\sum.js": {"path":"C:\\Users\\brend\\python401\\data_structures\\js\\sum.js","statementMap":{"0":{"start":{"line":5,"column":4},"end":{"line":5,"column":16}},"1":{"start":{"line":8,"column":0},"end":{"line":8,"column":20}}},"fnMap":{"0":{"name":"sum","decl":{"start":{"line":4,"column":9},"end":{"line":4,"column":12}},"loc":{"start":{"line":4,"column":19},"end":{"line":6,"column":1}},"line":4}},"branchMap":{},"s":{"0":1,"1":1},"f":{"0":1},"b":{},"_coverageSchema":"332fd63041d2c1bcb487cc26dd0d5f7d97098a6c","hash":"6f4f9a08140a2f3e03e3b281c90682680df3a95d"}
}
