TN:
SF:C:\Users\brend\python401\data_structures\js\deque_js.js
FN:5,(anonymous_0)
FN:12,(anonymous_1)
FN:18,(anonymous_2)
FN:22,(anonymous_3)
FN:35,(anonymous_4)
FN:48,(anonymous_5)
FN:68,(anonymous_6)
FN:89,(anonymous_7)
FN:98,(anonymous_8)
FNF:9
FNH:9
FNDA:17,(anonymous_0)
FNDA:10,(anonymous_1)
FNDA:2,(anonymous_2)
FNDA:8,(anonymous_3)
FNDA:8,(anonymous_4)
FNDA:2,(anonymous_5)
FNDA:2,(anonymous_6)
FNDA:1,(anonymous_7)
FNDA:1,(anonymous_8)
DA:6,17
DA:7,17
DA:8,17
DA:13,10
DA:14,10
DA:15,10
DA:19,2
DA:23,8
DA:24,8
DA:25,5
DA:26,5
DA:29,3
DA:30,3
DA:32,8
DA:36,8
DA:37,8
DA:38,4
DA:39,4
DA:42,4
DA:43,4
DA:45,8
DA:49,2
DA:50,0
DA:52,2
DA:53,1
DA:54,1
DA:55,1
DA:56,1
DA:57,1
DA:60,1
DA:61,1
DA:62,1
DA:63,1
DA:64,1
DA:69,2
DA:70,0
DA:72,2
DA:73,1
DA:74,1
DA:75,1
DA:76,1
DA:77,1
DA:80,1
DA:81,1
DA:82,1
DA:83,1
DA:84,1
DA:90,1
DA:91,0
DA:94,1
DA:99,1
DA:100,0
DA:103,1
DA:109,1
LF:54
LH:50
BRDA:5,0,0,1
BRDA:5,1,0,9
BRDA:24,2,0,5
BRDA:24,2,1,3
BRDA:37,3,0,4
BRDA:37,3,1,4
BRDA:49,4,0,0
BRDA:49,4,1,2
BRDA:52,5,0,1
BRDA:52,5,1,1
BRDA:69,6,0,0
BRDA:69,6,1,2
BRDA:72,7,0,1
BRDA:72,7,1,1
BRDA:90,8,0,0
BRDA:90,8,1,1
BRDA:99,9,0,0
BRDA:99,9,1,1
BRF:18
BRH:14
end_of_record
TN:
SF:C:\Users\brend\python401\data_structures\js\que_js.js
FN:5,(anonymous_0)
FN:13,(anonymous_1)
FN:19,(anonymous_2)
FN:23,(anonymous_3)
FN:36,(anonymous_4)
FN:53,(anonymous_5)
FNF:6
FNH:5
FNDA:13,(anonymous_0)
FNDA:8,(anonymous_1)
FNDA:0,(anonymous_2)
FNDA:12,(anonymous_3)
FNDA:3,(anonymous_4)
FNDA:1,(anonymous_5)
DA:6,13
DA:7,13
DA:8,13
DA:14,8
DA:15,8
DA:16,8
DA:20,0
DA:24,12
DA:25,12
DA:26,7
DA:27,7
DA:30,5
DA:31,5
DA:33,12
DA:37,3
DA:38,0
DA:40,3
DA:41,3
DA:42,3
DA:43,2
DA:44,2
DA:47,1
DA:48,1
DA:50,3
DA:54,1
DA:60,1
LF:26
LH:24
BRDA:25,0,0,7
BRDA:25,0,1,5
BRDA:37,1,0,0
BRDA:37,1,1,3
BRDA:42,2,0,2
BRDA:42,2,1,1
BRF:6
BRH:5
end_of_record
TN:
SF:C:\Users\brend\python401\data_structures\js\stack_js.js
FN:5,(anonymous_0)
FN:12,(anonymous_1)
FN:17,(anonymous_2)
FN:22,(anonymous_3)
FNF:4
FNH:4
FNDA:12,(anonymous_0)
FNDA:7,(anonymous_1)
FNDA:10,(anonymous_2)
FNDA:4,(anonymous_3)
DA:6,12
DA:7,12
DA:13,7
DA:14,7
DA:18,10
DA:19,10
DA:23,4
DA:24,0
DA:26,4
DA:27,4
DA:28,4
DA:29,4
DA:33,1
LF:13
LH:12
BRDA:5,0,0,2
BRDA:23,1,0,0
BRDA:23,1,1,4
BRF:3
BRH:2
end_of_record
TN:
SF:C:\Users\brend\python401\data_structures\js\sum.js
FN:4,sum
FNF:1
FNH:1
FNDA:1,sum
DA:5,1
DA:8,1
LF:2
LH:2
BRF:0
BRH:0
end_of_record
