TN:
SF:C:\Users\brend\python401\data_structures\js\binheap_js.js
FN:5,(anonymous_0)
FN:15,(anonymous_1)
FN:19,(anonymous_2)
FN:25,(anonymous_3)
FN:38,(anonymous_4)
FN:60,(anonymous_5)
FNF:6
FNH:5
FNDA:12,(anonymous_0)
FNDA:0,(anonymous_1)
FNDA:64,(anonymous_2)
FNDA:64,(anonymous_3)
FNDA:26,(anonymous_4)
FNDA:26,(anonymous_5)
DA:6,12
DA:7,12
DA:8,12
DA:9,10
DA:10,54
DA:16,0
DA:20,64
DA:21,64
DA:22,64
DA:26,64
DA:27,64
DA:28,251
DA:29,37
DA:30,37
DA:31,37
DA:32,37
DA:34,251
DA:39,26
DA:40,26
DA:41,35
DA:42,35
DA:43,26
DA:44,10
DA:46,16
DA:49,9
DA:51,35
DA:52,35
DA:53,28
DA:54,28
DA:56,35
DA:61,26
DA:62,0
DA:64,26
DA:65,26
DA:66,26
DA:67,26
DA:68,26
DA:69,26
DA:73,1
LF:39
LH:37
BRDA:5,0,0,2
BRDA:8,1,0,10
BRDA:8,1,1,2
BRDA:28,2,0,37
BRDA:28,2,1,214
BRDA:42,3,0,26
BRDA:42,3,1,9
BRDA:43,4,0,10
BRDA:43,4,1,16
BRDA:52,5,0,28
BRDA:52,5,1,7
BRDA:61,6,0,0
BRDA:61,6,1,26
BRF:13
BRH:12
end_of_record
TN:
SF:C:\Users\brend\python401\data_structures\js\deque_js.js
FN:5,(anonymous_0)
FN:12,(anonymous_1)
FN:18,(anonymous_2)
FN:22,(anonymous_3)
FN:35,(anonymous_4)
FN:48,(anonymous_5)
FN:68,(anonymous_6)
FN:89,(anonymous_7)
FN:98,(anonymous_8)
FNF:9
FNH:9
FNDA:17,(anonymous_0)
FNDA:10,(anonymous_1)
FNDA:2,(anonymous_2)
FNDA:8,(anonymous_3)
FNDA:8,(anonymous_4)
FNDA:2,(anonymous_5)
FNDA:2,(anonymous_6)
FNDA:1,(anonymous_7)
FNDA:1,(anonymous_8)
DA:6,17
DA:7,17
DA:8,17
DA:13,10
DA:14,10
DA:15,10
DA:19,2
DA:23,8
DA:24,8
DA:25,5
DA:26,5
DA:29,3
DA:30,3
DA:32,8
DA:36,8
DA:37,8
DA:38,4
DA:39,4
DA:42,4
DA:43,4
DA:45,8
DA:49,2
DA:50,0
DA:52,2
DA:53,1
DA:54,1
DA:55,1
DA:56,1
DA:57,1
DA:60,1
DA:61,1
DA:62,1
DA:63,1
DA:64,1
DA:69,2
DA:70,0
DA:72,2
DA:73,1
DA:74,1
DA:75,1
DA:76,1
DA:77,1
DA:80,1
DA:81,1
DA:82,1
DA:83,1
DA:84,1
DA:90,1
DA:91,0
DA:94,1
DA:99,1
DA:100,0
DA:103,1
DA:109,1
LF:54
LH:50
BRDA:5,0,0,1
BRDA:5,1,0,9
BRDA:24,2,0,5
BRDA:24,2,1,3
BRDA:37,3,0,4
BRDA:37,3,1,4
BRDA:49,4,0,0
BRDA:49,4,1,2
BRDA:52,5,0,1
BRDA:52,5,1,1
BRDA:69,6,0,0
BRDA:69,6,1,2
BRDA:72,7,0,1
BRDA:72,7,1,1
BRDA:90,8,0,0
BRDA:90,8,1,1
BRDA:99,9,0,0
BRDA:99,9,1,1
BRF:18
BRH:14
end_of_record
TN:
SF:C:\Users\brend\python401\data_structures\js\dll_js.js
FN:5,(anonymous_0)
FN:13,(anonymous_1)
FN:19,(anonymous_2)
FN:23,(anonymous_3)
FN:36,(anonymous_4)
FN:49,(anonymous_5)
FN:67,(anonymous_6)
FN:85,(anonymous_7)
FNF:8
FNH:8
FNDA:31,(anonymous_0)
FNDA:17,(anonymous_1)
FNDA:2,(anonymous_2)
FNDA:25,(anonymous_3)
FNDA:5,(anonymous_4)
FNDA:2,(anonymous_5)
FNDA:4,(anonymous_6)
FNDA:5,(anonymous_7)
DA:6,31
DA:7,31
DA:8,31
DA:14,17
DA:15,17
DA:16,17
DA:20,2
DA:24,25
DA:25,25
DA:26,25
DA:27,15
DA:28,15
DA:31,10
DA:32,10
DA:37,5
DA:38,5
DA:39,5
DA:40,2
DA:41,2
DA:44,3
DA:45,3
DA:50,2
DA:51,0
DA:52,2
DA:53,0
DA:54,0
DA:55,0
DA:56,0
DA:57,0
DA:59,2
DA:60,2
DA:61,2
DA:62,2
DA:63,2
DA:68,4
DA:69,0
DA:70,4
DA:71,1
DA:72,1
DA:73,1
DA:74,1
DA:75,1
DA:77,3
DA:78,3
DA:79,3
DA:80,3
DA:81,3
DA:86,5
DA:87,5
DA:88,0
DA:89,5
DA:90,1
DA:91,1
DA:92,1
DA:93,1
DA:94,1
DA:95,4
DA:96,1
DA:97,1
DA:98,1
DA:99,1
DA:100,1
DA:101,3
DA:102,1
DA:103,1
DA:104,1
DA:105,1
DA:106,1
DA:108,2
DA:109,1
DA:110,1
DA:111,1
DA:112,1
DA:113,1
DA:115,0
DA:117,1
DA:122,1
LF:77
LH:68
BRDA:5,0,0,26
BRDA:26,1,0,15
BRDA:26,1,1,10
BRDA:39,2,0,2
BRDA:39,2,1,3
BRDA:50,3,0,0
BRDA:50,3,1,2
BRDA:52,4,0,0
BRDA:52,4,1,2
BRDA:68,5,0,0
BRDA:68,5,1,4
BRDA:70,6,0,1
BRDA:70,6,1,3
BRDA:87,7,0,0
BRDA:87,7,1,5
BRDA:89,8,0,1
BRDA:89,8,1,4
BRDA:89,9,0,5
BRDA:89,9,1,2
BRDA:95,10,0,1
BRDA:95,10,1,3
BRDA:101,11,0,1
BRDA:101,11,1,2
BRDA:109,12,0,1
BRDA:109,12,1,0
BRF:25
BRH:20
end_of_record
TN:
SF:C:\Users\brend\python401\data_structures\js\graph_js.js
FN:5,(anonymous_0)
FN:10,(anonymous_1)
FN:14,(anonymous_2)
FN:18,(anonymous_3)
FN:22,(anonymous_4)
FN:32,(anonymous_5)
FN:48,(anonymous_6)
FN:57,(anonymous_7)
FN:61,(anonymous_8)
FN:82,(anonymous_9)
FNF:10
FNH:9
FNDA:11,(anonymous_0)
FNDA:1,(anonymous_1)
FNDA:0,(anonymous_2)
FNDA:39,(anonymous_3)
FNDA:25,(anonymous_4)
FNDA:1,(anonymous_5)
FNDA:3,(anonymous_6)
FNDA:1,(anonymous_7)
FNDA:1,(anonymous_8)
FNDA:2,(anonymous_9)
DA:6,11
DA:7,11
DA:11,1
DA:15,0
DA:19,39
DA:23,25
DA:24,13
DA:26,25
DA:27,13
DA:29,25
DA:33,1
DA:34,1
DA:35,1
DA:36,1
DA:38,1
DA:39,4
DA:40,4
DA:41,1
DA:44,1
DA:49,3
DA:50,3
DA:51,3
DA:53,0
DA:58,1
DA:62,1
DA:63,1
DA:64,1
DA:65,4
DA:66,4
DA:67,2
DA:69,4
DA:70,1
DA:73,1
DA:74,3
DA:75,3
DA:76,2
DA:79,1
DA:83,2
DA:84,1
DA:87,1
DA:92,1
LF:41
LH:39
BRDA:22,0,0,25
BRDA:23,1,0,13
BRDA:23,1,1,12
BRDA:26,2,0,13
BRDA:26,2,1,12
BRDA:34,3,0,1
BRDA:34,3,1,0
BRDA:40,4,0,1
BRDA:40,4,1,3
BRDA:40,5,0,4
BRDA:40,5,1,2
BRDA:50,6,0,3
BRDA:50,6,1,0
BRDA:66,7,0,2
BRDA:66,7,1,2
BRDA:69,8,0,1
BRDA:69,8,1,3
BRDA:75,9,0,2
BRDA:75,9,1,1
BRDA:83,10,0,1
BRDA:83,10,1,1
BRF:21
BRH:19
end_of_record
TN:
SF:C:\Users\brend\python401\data_structures\js\que_js.js
FN:5,(anonymous_0)
FN:13,(anonymous_1)
FN:19,(anonymous_2)
FN:23,(anonymous_3)
FN:36,(anonymous_4)
FN:53,(anonymous_5)
FNF:6
FNH:5
FNDA:13,(anonymous_0)
FNDA:8,(anonymous_1)
FNDA:0,(anonymous_2)
FNDA:12,(anonymous_3)
FNDA:3,(anonymous_4)
FNDA:1,(anonymous_5)
DA:6,13
DA:7,13
DA:8,13
DA:14,8
DA:15,8
DA:16,8
DA:20,0
DA:24,12
DA:25,12
DA:26,7
DA:27,7
DA:30,5
DA:31,5
DA:33,12
DA:37,3
DA:38,0
DA:40,3
DA:41,3
DA:42,3
DA:43,2
DA:44,2
DA:47,1
DA:48,1
DA:50,3
DA:54,1
DA:60,1
LF:26
LH:24
BRDA:25,0,0,7
BRDA:25,0,1,5
BRDA:37,1,0,0
BRDA:37,1,1,3
BRDA:42,2,0,2
BRDA:42,2,1,1
BRF:6
BRH:5
end_of_record
TN:
SF:C:\Users\brend\python401\data_structures\js\stack_js.js
FN:5,(anonymous_0)
FN:12,(anonymous_1)
FN:17,(anonymous_2)
FN:22,(anonymous_3)
FNF:4
FNH:4
FNDA:12,(anonymous_0)
FNDA:7,(anonymous_1)
FNDA:10,(anonymous_2)
FNDA:4,(anonymous_3)
DA:6,12
DA:7,12
DA:13,7
DA:14,7
DA:18,10
DA:19,10
DA:23,4
DA:24,0
DA:26,4
DA:27,4
DA:28,4
DA:29,4
DA:33,1
LF:13
LH:12
BRDA:5,0,0,2
BRDA:23,1,0,0
BRDA:23,1,1,4
BRF:3
BRH:2
end_of_record
TN:
SF:C:\Users\brend\python401\data_structures\js\sum.js
FN:4,sum
FNF:1
FNH:1
FNDA:1,sum
DA:5,1
DA:8,1
LF:2
LH:2
BRF:0
BRH:0
end_of_record
